TN:
SF:src/modules/appointments/services/CreateAppointmentService.ts
FN:41,__decorate
FN:41,__metadata
FN:41,__param
FN:41,__awaiter
FN:41,adopt
FN:41,fulfilled
FN:41,rejected
FN:41,step
FN:41,__generator
FN:41,sent
FN:41,g.<computed>
FN:41,verb
FN:41,step
FN:41,__importDefault
FN:16,CreateAppointmentService
FN:21,CreateAppointmentService.execute
FNF:16
FNH:14
FNDA:1,__decorate
FNDA:1,__metadata
FNDA:1,__param
FNDA:3,__awaiter
FNDA:5,adopt
FNDA:5,fulfilled
FNDA:0,rejected
FNDA:7,step
FNDA:3,__generator
FNDA:5,sent
FNDA:0,g.<computed>
FNDA:9,verb
FNDA:8,step
FNDA:1,__importDefault
FNDA:2,CreateAppointmentService
FNDA:3,CreateAppointmentService.execute
DA:1,1
DA:2,1
DA:3,1
DA:4,1
DA:5,1
DA:6,1
DA:7,1
DA:8,1
DA:9,1
DA:10,1
DA:11,1
DA:12,1
DA:13,1
DA:14,1
DA:15,1
DA:16,1
DA:17,2
DA:18,2
DA:19,2
DA:20,1
DA:21,1
DA:22,3
DA:23,3
DA:24,3
DA:25,3
DA:26,3
DA:27,3
DA:28,3
DA:29,1
DA:30,1
DA:31,2
DA:32,2
DA:33,2
DA:34,2
DA:35,2
DA:36,3
DA:37,3
DA:38,3
DA:39,1
DA:40,1
DA:41,1
LF:41
LH:41
BRDA:41,0,0,1
BRDA:41,1,0,1
BRDA:41,2,0,0
BRDA:41,3,0,0
BRDA:41,4,0,0
BRDA:41,5,0,0
BRDA:41,6,0,1
BRDA:41,7,0,1
BRDA:41,8,0,1
BRDA:41,9,0,3
BRDA:41,10,0,5
BRDA:41,11,0,0
BRDA:41,12,0,3
BRDA:41,13,0,5
BRDA:41,14,0,4
BRDA:41,15,0,1
BRDA:41,16,0,7
BRDA:41,17,0,2
BRDA:41,18,0,5
BRDA:41,19,0,3
BRDA:41,20,0,5
BRDA:41,21,0,0
BRDA:41,22,0,9
BRDA:41,23,0,8
BRDA:41,24,0,8
BRDA:41,25,0,0
BRDA:41,26,0,16
BRDA:41,27,0,0
BRDA:41,28,0,0
BRDA:41,29,0,0
BRDA:41,30,0,0
BRDA:41,31,0,8
BRDA:41,32,0,8
BRDA:41,33,0,5
BRDA:41,34,0,0
BRDA:41,35,0,0
BRDA:41,36,0,3
BRDA:41,37,0,0
BRDA:41,38,0,2
BRDA:41,39,0,0
BRDA:41,40,0,0
BRDA:41,41,0,0
BRDA:41,42,0,0
BRDA:41,43,0,8
BRDA:41,44,0,7
BRDA:41,45,0,1
BRDA:41,46,0,8
BRDA:41,47,0,3
BRDA:41,48,0,1
BRDA:41,49,0,2
BRDA:41,50,0,0
BRDA:41,51,0,1
BRDA:41,52,0,0
BRDA:15,53,0,1
BRDA:16,54,0,2
BRDA:21,55,0,3
BRDA:41,56,0,3
BRDA:41,57,0,8
BRDA:41,58,0,3
BRDA:41,59,0,3
BRDA:28,60,0,1
BRDA:30,61,0,2
BRDA:41,62,0,2
BRF:63
BRH:43
end_of_record
TN:
SF:src/modules/users/services/AuthenticateUserService.ts
FN:66,__decorate
FN:66,__metadata
FN:66,__param
FN:66,__awaiter
FN:66,adopt
FN:66,fulfilled
FN:66,rejected
FN:66,step
FN:66,__generator
FN:66,sent
FN:66,g.<computed>
FN:66,verb
FN:66,step
FN:66,__importDefault
FN:26,AuthenticateUserService
FN:34,AuthenticateUserService.execute
FNF:16
FNH:14
FNDA:1,__decorate
FNDA:1,__metadata
FNDA:2,__param
FNDA:3,__awaiter
FNDA:5,adopt
FNDA:5,fulfilled
FNDA:0,rejected
FNDA:6,step
FNDA:3,__generator
FNDA:5,sent
FNDA:0,g.<computed>
FNDA:9,verb
FNDA:8,step
FNDA:2,__importDefault
FNDA:3,AuthenticateUserService
FNDA:3,AuthenticateUserService.execute
DA:1,1
DA:2,1
DA:3,1
DA:4,1
DA:5,1
DA:6,1
DA:7,1
DA:8,1
DA:9,1
DA:10,1
DA:11,1
DA:12,1
DA:13,1
DA:14,1
DA:15,1
DA:16,1
DA:17,1
DA:18,1
DA:19,1
DA:20,1
DA:21,1
DA:22,1
DA:23,1
DA:24,1
DA:25,1
DA:26,1
DA:27,3
DA:28,3
DA:29,3
DA:30,3
DA:31,3
DA:32,3
DA:33,1
DA:34,1
DA:35,3
DA:36,3
DA:37,3
DA:38,1
DA:39,1
DA:40,2
DA:41,2
DA:42,2
DA:43,2
DA:44,2
DA:45,2
DA:46,2
DA:47,2
DA:48,3
DA:49,3
DA:50,1
DA:51,1
DA:52,1
DA:53,1
DA:54,1
DA:55,1
DA:56,1
DA:57,1
DA:58,1
DA:59,1
DA:60,1
DA:61,1
DA:62,1
DA:63,3
DA:64,1
DA:65,1
DA:66,1
LF:66
LH:66
BRDA:66,0,0,1
BRDA:66,1,0,1
BRDA:66,2,0,0
BRDA:66,3,0,0
BRDA:66,4,0,0
BRDA:66,5,0,0
BRDA:66,6,0,1
BRDA:66,7,0,2
BRDA:66,8,0,2
BRDA:66,9,0,3
BRDA:66,10,0,5
BRDA:66,11,0,0
BRDA:66,12,0,3
BRDA:66,13,0,5
BRDA:66,14,0,3
BRDA:66,15,0,2
BRDA:66,16,0,6
BRDA:66,17,0,1
BRDA:66,18,0,5
BRDA:66,19,0,3
BRDA:66,20,0,5
BRDA:66,21,0,0
BRDA:66,22,0,9
BRDA:66,23,0,8
BRDA:66,24,0,8
BRDA:66,25,0,0
BRDA:66,26,0,16
BRDA:66,27,0,0
BRDA:66,28,0,0
BRDA:66,29,0,0
BRDA:66,30,0,0
BRDA:66,31,0,8
BRDA:66,32,0,8
BRDA:66,33,0,5
BRDA:66,34,0,0
BRDA:66,35,0,0
BRDA:66,36,0,3
BRDA:66,37,0,0
BRDA:66,38,0,1
BRDA:66,39,0,0
BRDA:66,40,0,0
BRDA:66,41,0,0
BRDA:66,42,0,0
BRDA:66,43,0,8
BRDA:66,44,0,6
BRDA:66,45,0,2
BRDA:66,46,0,8
BRDA:66,47,0,3
BRDA:66,48,0,2
BRDA:66,49,0,1
BRDA:66,50,0,0
BRDA:66,51,0,2
BRDA:66,52,0,0
BRDA:25,53,0,1
BRDA:26,54,0,3
BRDA:34,55,0,3
BRDA:66,56,0,3
BRDA:66,57,0,8
BRDA:35,58,0,3
BRDA:66,59,0,3
BRDA:37,60,0,1
BRDA:39,61,0,2
BRDA:66,62,0,2
BRDA:49,63,0,1
BRF:64
BRH:44
end_of_record
TN:
SF:src/modules/users/services/CreateUserService.ts
FN:43,__decorate
FN:43,__metadata
FN:43,__param
FN:43,__awaiter
FN:43,adopt
FN:43,fulfilled
FN:43,rejected
FN:43,step
FN:43,__generator
FN:43,sent
FN:43,g.<computed>
FN:43,verb
FN:43,step
FN:43,__importDefault
FN:16,CreateUserService
FN:24,CreateUserService.execute
FNF:16
FNH:14
FNDA:2,__decorate
FNDA:2,__metadata
FNDA:4,__param
FNDA:5,__awaiter
FNDA:13,adopt
FNDA:13,fulfilled
FNDA:0,rejected
FNDA:17,step
FNDA:5,__generator
FNDA:13,sent
FNDA:0,g.<computed>
FNDA:15,verb
FNDA:18,step
FNDA:2,__importDefault
FNDA:4,CreateUserService
FNDA:5,CreateUserService.execute
DA:1,1
DA:2,1
DA:3,1
DA:4,1
DA:5,1
DA:6,1
DA:7,1
DA:8,1
DA:9,1
DA:10,1
DA:11,1
DA:12,1
DA:13,1
DA:14,1
DA:15,2
DA:16,2
DA:17,4
DA:18,4
DA:19,4
DA:20,4
DA:21,4
DA:22,4
DA:23,2
DA:24,2
DA:25,5
DA:26,5
DA:27,5
DA:28,1
DA:29,1
DA:30,4
DA:31,4
DA:32,5
DA:33,5
DA:34,5
DA:35,5
DA:36,5
DA:37,5
DA:38,5
DA:39,5
DA:40,5
DA:41,2
DA:42,1
DA:43,1
LF:43
LH:43
BRDA:43,0,0,2
BRDA:43,1,0,2
BRDA:43,2,0,0
BRDA:43,3,0,0
BRDA:43,4,0,0
BRDA:43,5,0,0
BRDA:43,6,0,2
BRDA:43,7,0,4
BRDA:43,8,0,4
BRDA:43,9,0,5
BRDA:43,10,0,13
BRDA:43,11,0,0
BRDA:43,12,0,5
BRDA:43,13,0,13
BRDA:43,14,0,12
BRDA:43,15,0,1
BRDA:43,16,0,17
BRDA:43,17,0,4
BRDA:43,18,0,13
BRDA:43,19,0,5
BRDA:43,20,0,13
BRDA:43,21,0,0
BRDA:43,22,0,15
BRDA:43,23,0,18
BRDA:43,24,0,18
BRDA:43,25,0,0
BRDA:43,26,0,36
BRDA:43,27,0,0
BRDA:43,28,0,0
BRDA:43,29,0,0
BRDA:43,30,0,0
BRDA:43,31,0,18
BRDA:43,32,0,18
BRDA:43,33,0,13
BRDA:43,34,0,0
BRDA:43,35,0,0
BRDA:43,36,0,5
BRDA:43,37,0,0
BRDA:43,38,0,4
BRDA:43,39,0,0
BRDA:43,40,0,0
BRDA:43,41,0,0
BRDA:43,42,0,0
BRDA:43,43,0,28
BRDA:43,44,0,18
BRDA:43,45,0,17
BRDA:43,46,0,1
BRDA:43,47,0,18
BRDA:43,48,0,5
BRDA:43,49,0,1
BRDA:43,50,0,4
BRDA:43,51,0,0
BRDA:43,52,0,2
BRDA:43,53,0,0
BRDA:15,54,0,2
BRDA:16,55,0,4
BRDA:24,56,0,5
BRDA:43,57,0,5
BRDA:43,58,0,18
BRDA:25,59,0,5
BRDA:43,60,0,5
BRDA:27,61,0,1
BRDA:29,62,0,4
BRDA:43,63,0,4
BRDA:43,64,0,4
BRF:65
BRH:45
end_of_record
TN:
SF:src/modules/users/services/UpdateUserAvatarService.ts
FN:50,__decorate
FN:50,__metadata
FN:50,__param
FN:50,__awaiter
FN:50,adopt
FN:50,fulfilled
FN:50,rejected
FN:50,step
FN:50,__generator
FN:50,sent
FN:50,g.<computed>
FN:50,verb
FN:50,step
FN:50,__importDefault
FN:21,UpdateUserAvatarService
FN:29,UpdateUserAvatarService.execute
FNF:16
FNH:14
FNDA:1,__decorate
FNDA:1,__metadata
FNDA:2,__param
FNDA:4,__awaiter
FNDA:11,adopt
FNDA:11,fulfilled
FNDA:0,rejected
FNDA:14,step
FNDA:4,__generator
FNDA:11,sent
FNDA:0,g.<computed>
FNDA:12,verb
FNDA:15,step
FNDA:1,__importDefault
FNDA:3,UpdateUserAvatarService
FNDA:4,UpdateUserAvatarService.execute
DA:1,1
DA:2,1
DA:3,1
DA:4,1
DA:5,1
DA:6,1
DA:7,1
DA:8,1
DA:9,1
DA:10,1
DA:11,1
DA:12,1
DA:13,1
DA:14,1
DA:15,1
DA:16,1
DA:17,1
DA:18,1
DA:19,1
DA:20,1
DA:21,1
DA:22,3
DA:23,3
DA:24,3
DA:25,3
DA:26,3
DA:27,3
DA:28,1
DA:29,1
DA:30,4
DA:31,4
DA:32,4
DA:33,1
DA:34,1
DA:35,3
DA:36,3
DA:37,1
DA:38,4
DA:39,4
DA:40,4
DA:41,4
DA:42,4
DA:43,4
DA:44,4
DA:45,4
DA:46,4
DA:47,4
DA:48,1
DA:49,1
DA:50,1
LF:50
LH:50
BRDA:50,0,0,1
BRDA:50,1,0,1
BRDA:50,2,0,0
BRDA:50,3,0,0
BRDA:50,4,0,0
BRDA:50,5,0,0
BRDA:50,6,0,1
BRDA:50,7,0,2
BRDA:50,8,0,2
BRDA:50,9,0,4
BRDA:50,10,0,11
BRDA:50,11,0,0
BRDA:50,12,0,4
BRDA:50,13,0,11
BRDA:50,14,0,10
BRDA:50,15,0,1
BRDA:50,16,0,14
BRDA:50,17,0,3
BRDA:50,18,0,11
BRDA:50,19,0,4
BRDA:50,20,0,11
BRDA:50,21,0,0
BRDA:50,22,0,12
BRDA:50,23,0,15
BRDA:50,24,0,15
BRDA:50,25,0,0
BRDA:50,26,0,32
BRDA:50,27,0,0
BRDA:50,28,0,0
BRDA:50,29,0,0
BRDA:50,30,0,0
BRDA:50,31,0,15
BRDA:50,32,0,15
BRDA:50,33,0,11
BRDA:50,34,0,0
BRDA:50,35,0,0
BRDA:50,36,0,6
BRDA:50,37,0,0
BRDA:50,38,0,5
BRDA:50,39,0,4
BRDA:50,40,0,2
BRDA:50,41,0,0
BRDA:50,42,0,2
BRDA:50,43,0,0
BRDA:50,44,0,0
BRDA:50,45,0,0
BRDA:50,46,0,17
BRDA:50,47,0,16
BRDA:50,48,0,1
BRDA:50,49,0,17
BRDA:50,50,0,4
BRDA:50,51,0,1
BRDA:50,52,0,3
BRDA:50,53,0,0
BRDA:50,54,0,1
BRDA:50,55,0,0
BRDA:20,56,0,1
BRDA:21,57,0,3
BRDA:29,58,0,4
BRDA:50,59,0,4
BRDA:50,60,0,17
BRDA:30,61,0,4
BRDA:50,62,0,4
BRDA:32,63,0,1
BRDA:34,64,0,3
BRDA:36,65,0,2
BRDA:36,66,0,1
BRDA:50,67,0,1
BRDA:40,68,0,3
BRDA:50,69,0,3
BRDA:50,70,0,3
BRF:71
BRH:51
end_of_record
